16:17:03:183  INFO 16732 --- [main] com.hmall.gateway.GatewayApplication     : The following 1 profile is active: "dev"
16:17:04:239  INFO 16732 --- [main] o.s.cloud.context.scope.GenericScope     : BeanFactory id=5562f402-57f8-359c-83d6-619135b6649e
16:17:04:301  INFO 16732 --- [main] trationDelegate$BeanPostProcessorChecker : Bean 'org.springframework.cloud.client.loadbalancer.reactive.LoadBalancerBeanPostProcessorAutoConfiguration' of type [org.springframework.cloud.client.loadbalancer.reactive.LoadBalancerBeanPostProcessorAutoConfiguration] is not eligible for getting processed by all BeanPostProcessors (for example: not eligible for auto-proxying)
16:17:04:302  INFO 16732 --- [main] trationDelegate$BeanPostProcessorChecker : Bean 'org.springframework.cloud.client.loadbalancer.reactive.LoadBalancerBeanPostProcessorAutoConfiguration$ReactorDeferringLoadBalancerFilterConfig' of type [org.springframework.cloud.client.loadbalancer.reactive.LoadBalancerBeanPostProcessorAutoConfiguration$ReactorDeferringLoadBalancerFilterConfig] is not eligible for getting processed by all BeanPostProcessors (for example: not eligible for auto-proxying)
16:17:04:303  INFO 16732 --- [main] trationDelegate$BeanPostProcessorChecker : Bean 'reactorDeferringLoadBalancerExchangeFilterFunction' of type [org.springframework.cloud.client.loadbalancer.reactive.DeferringLoadBalancerExchangeFilterFunction] is not eligible for getting processed by all BeanPostProcessors (for example: not eligible for auto-proxying)
16:17:06:870  INFO 16732 --- [main] o.s.c.g.r.RouteDefinitionRouteLocator    : Loaded RoutePredicateFactory [After]
16:17:06:871  INFO 16732 --- [main] o.s.c.g.r.RouteDefinitionRouteLocator    : Loaded RoutePredicateFactory [Before]
16:17:06:871  INFO 16732 --- [main] o.s.c.g.r.RouteDefinitionRouteLocator    : Loaded RoutePredicateFactory [Between]
16:17:06:871  INFO 16732 --- [main] o.s.c.g.r.RouteDefinitionRouteLocator    : Loaded RoutePredicateFactory [Cookie]
16:17:06:871  INFO 16732 --- [main] o.s.c.g.r.RouteDefinitionRouteLocator    : Loaded RoutePredicateFactory [Header]
16:17:06:871  INFO 16732 --- [main] o.s.c.g.r.RouteDefinitionRouteLocator    : Loaded RoutePredicateFactory [Host]
16:17:06:871  INFO 16732 --- [main] o.s.c.g.r.RouteDefinitionRouteLocator    : Loaded RoutePredicateFactory [Method]
16:17:06:871  INFO 16732 --- [main] o.s.c.g.r.RouteDefinitionRouteLocator    : Loaded RoutePredicateFactory [Path]
16:17:06:871  INFO 16732 --- [main] o.s.c.g.r.RouteDefinitionRouteLocator    : Loaded RoutePredicateFactory [Query]
16:17:06:871  INFO 16732 --- [main] o.s.c.g.r.RouteDefinitionRouteLocator    : Loaded RoutePredicateFactory [ReadBody]
16:17:06:871  INFO 16732 --- [main] o.s.c.g.r.RouteDefinitionRouteLocator    : Loaded RoutePredicateFactory [RemoteAddr]
16:17:06:871  INFO 16732 --- [main] o.s.c.g.r.RouteDefinitionRouteLocator    : Loaded RoutePredicateFactory [XForwardedRemoteAddr]
16:17:06:871  INFO 16732 --- [main] o.s.c.g.r.RouteDefinitionRouteLocator    : Loaded RoutePredicateFactory [Weight]
16:17:06:871  INFO 16732 --- [main] o.s.c.g.r.RouteDefinitionRouteLocator    : Loaded RoutePredicateFactory [CloudFoundryRouteService]
16:17:08:128  INFO 16732 --- [main] com.alibaba.nacos.common.remote.client   : [RpcClientFactory] create a new rpc client of 9dee8f43-6149-4ee6-89bd-84d75ff6e637
16:17:08:128  INFO 16732 --- [main] com.alibaba.nacos.common.remote.client   : [9dee8f43-6149-4ee6-89bd-84d75ff6e637] RpcClient init label, labels = {module=naming, source=sdk}
16:17:08:131  INFO 16732 --- [main] com.alibaba.nacos.common.remote.client   : [9dee8f43-6149-4ee6-89bd-84d75ff6e637] RpcClient init, ServerListFactory = com.alibaba.nacos.client.naming.core.ServerListManager
16:17:08:132  INFO 16732 --- [main] com.alibaba.nacos.common.remote.client   : [9dee8f43-6149-4ee6-89bd-84d75ff6e637] Registry connection listener to current client:com.alibaba.nacos.client.naming.remote.gprc.redo.NamingGrpcRedoService
16:17:08:132  INFO 16732 --- [main] com.alibaba.nacos.common.remote.client   : [9dee8f43-6149-4ee6-89bd-84d75ff6e637] Register server push request handler:com.alibaba.nacos.client.naming.remote.gprc.NamingPushRequestHandler
16:17:08:133  INFO 16732 --- [main] com.alibaba.nacos.common.remote.client   : [9dee8f43-6149-4ee6-89bd-84d75ff6e637] Try to connect to server on start up, server: {serverIp = '192.168.40.136', server main port = 8848}
16:17:08:279  INFO 16732 --- [main] com.alibaba.nacos.common.remote.client   : [9dee8f43-6149-4ee6-89bd-84d75ff6e637] Success to connect to server [192.168.40.136:8848] on start up, connectionId = 1732349826946_192.168.40.1_51050
16:17:08:279  INFO 16732 --- [main] com.alibaba.nacos.common.remote.client   : [9dee8f43-6149-4ee6-89bd-84d75ff6e637] Register server push request handler:com.alibaba.nacos.common.remote.client.RpcClient$ConnectResetRequestHandler
16:17:08:279  INFO 16732 --- [main] com.alibaba.nacos.common.remote.client   : [9dee8f43-6149-4ee6-89bd-84d75ff6e637] Register server push request handler:com.alibaba.nacos.common.remote.client.RpcClient$$Lambda$464/0x000000080043d840
16:17:08:279  INFO 16732 --- [com.alibaba.nacos.client.remote.worker] com.alibaba.nacos.common.remote.client   : [9dee8f43-6149-4ee6-89bd-84d75ff6e637] Notify connected event to listeners.
16:17:09:082  INFO 16732 --- [main] o.s.b.web.embedded.netty.NettyWebServer  : Netty started on port 8080
16:17:09:196  INFO 16732 --- [nacos-grpc-client-executor-8] com.alibaba.nacos.common.remote.client   : [9dee8f43-6149-4ee6-89bd-84d75ff6e637] Receive server push request, request = NotifySubscriberRequest, requestId = 455
16:17:09:206  INFO 16732 --- [nacos-grpc-client-executor-8] com.alibaba.nacos.common.remote.client   : [9dee8f43-6149-4ee6-89bd-84d75ff6e637] Ack server push request, request = NotifySubscriberRequest, requestId = 455
16:17:10:845  INFO 16732 --- [main] c.a.c.n.registry.NacosServiceRegistry    : nacos registry, DEFAULT_GROUP gateway 192.168.40.1:8080 register finished
16:17:10:870  INFO 16732 --- [main] com.hmall.gateway.GatewayApplication     : Started GatewayApplication in 12.042 seconds (JVM running for 18.762)
16:17:10:875  INFO 16732 --- [main] c.a.c.n.refresh.NacosContextRefresher    : [Nacos Config] Listening config: dataId=gateway.yaml, group=DEFAULT_GROUP
16:17:10:877  INFO 16732 --- [main] c.a.c.n.refresh.NacosContextRefresher    : [Nacos Config] Listening config: dataId=gateway-dev.yaml, group=DEFAULT_GROUP
16:17:10:877  INFO 16732 --- [main] c.a.c.n.refresh.NacosContextRefresher    : [Nacos Config] Listening config: dataId=gateway, group=DEFAULT_GROUP
16:17:11:440  INFO 16732 --- [nacos-grpc-client-executor-13] com.alibaba.nacos.common.remote.client   : [9dee8f43-6149-4ee6-89bd-84d75ff6e637] Receive server push request, request = NotifySubscriberRequest, requestId = 456
16:17:11:454  INFO 16732 --- [nacos-grpc-client-executor-13] com.alibaba.nacos.common.remote.client   : [9dee8f43-6149-4ee6-89bd-84d75ff6e637] Ack server push request, request = NotifySubscriberRequest, requestId = 456
