16:17:13:182  INFO 11964 --- [main] com.hmall.item.ItemApplication           : The following 1 profile is active: "local"
16:17:14:466  INFO 11964 --- [main] o.s.cloud.context.scope.GenericScope     : BeanFactory id=9ca8d87e-a934-3e49-b90d-691d65f4328b
16:17:14:533  INFO 11964 --- [main] trationDelegate$BeanPostProcessorChecker : Bean 'io.seata.spring.boot.autoconfigure.SeataCoreAutoConfiguration' of type [io.seata.spring.boot.autoconfigure.SeataCoreAutoConfiguration] is not eligible for getting processed by all BeanPostProcessors (for example: not eligible for auto-proxying)
16:17:14:533  INFO 11964 --- [main] trationDelegate$BeanPostProcessorChecker : Bean 'springApplicationContextProvider' of type [io.seata.spring.boot.autoconfigure.provider.SpringApplicationContextProvider] is not eligible for getting processed by all BeanPostProcessors (for example: not eligible for auto-proxying)
16:17:14:534  INFO 11964 --- [main] trationDelegate$BeanPostProcessorChecker : Bean 'io.seata.spring.boot.autoconfigure.SeataAutoConfiguration' of type [io.seata.spring.boot.autoconfigure.SeataAutoConfiguration] is not eligible for getting processed by all BeanPostProcessors (for example: not eligible for auto-proxying)
16:17:14:557  INFO 11964 --- [main] trationDelegate$BeanPostProcessorChecker : Bean 'failureHandler' of type [io.seata.tm.api.DefaultFailureHandlerImpl] is not eligible for getting processed by all BeanPostProcessors (for example: not eligible for auto-proxying)
16:17:14:561  INFO 11964 --- [main] trationDelegate$BeanPostProcessorChecker : Bean 'org.springframework.cloud.commons.config.CommonsConfigAutoConfiguration' of type [org.springframework.cloud.commons.config.CommonsConfigAutoConfiguration] is not eligible for getting processed by all BeanPostProcessors (for example: not eligible for auto-proxying)
16:17:14:562  INFO 11964 --- [main] trationDelegate$BeanPostProcessorChecker : Bean 'org.springframework.cloud.client.loadbalancer.LoadBalancerDefaultMappingsProviderAutoConfiguration' of type [org.springframework.cloud.client.loadbalancer.LoadBalancerDefaultMappingsProviderAutoConfiguration] is not eligible for getting processed by all BeanPostProcessors (for example: not eligible for auto-proxying)
16:17:14:562  INFO 11964 --- [main] trationDelegate$BeanPostProcessorChecker : Bean 'loadBalancerClientsDefaultsMappingsProvider' of type [org.springframework.cloud.client.loadbalancer.LoadBalancerDefaultMappingsProviderAutoConfiguration$$Lambda$564/0x0000000800685c40] is not eligible for getting processed by all BeanPostProcessors (for example: not eligible for auto-proxying)
16:17:14:563  INFO 11964 --- [main] trationDelegate$BeanPostProcessorChecker : Bean 'defaultsBindHandlerAdvisor' of type [org.springframework.cloud.commons.config.DefaultsBindHandlerAdvisor] is not eligible for getting processed by all BeanPostProcessors (for example: not eligible for auto-proxying)
16:17:14:567  INFO 11964 --- [main] trationDelegate$BeanPostProcessorChecker : Bean 'springCloudAlibabaConfiguration' of type [io.seata.spring.boot.autoconfigure.properties.SpringCloudAlibabaConfiguration] is not eligible for getting processed by all BeanPostProcessors (for example: not eligible for auto-proxying)
16:17:14:570  INFO 11964 --- [main] trationDelegate$BeanPostProcessorChecker : Bean 'seataProperties' of type [io.seata.spring.boot.autoconfigure.properties.SeataProperties] is not eligible for getting processed by all BeanPostProcessors (for example: not eligible for auto-proxying)
16:17:14:571  INFO 11964 --- [main] i.s.s.b.a.SeataAutoConfiguration         : Automatically configure Seata
16:17:14:623  INFO 11964 --- [main] io.seata.config.ConfigurationFactory     : load Configuration from :Spring Configuration
16:17:14:631  INFO 11964 --- [main] io.seata.config.ConfigurationFactory     : load Configuration from :Spring Configuration
16:17:14:689  INFO 11964 --- [main] i.s.s.a.GlobalTransactionScanner         : Initializing Global Transaction Clients ... 
16:17:14:748  INFO 11964 --- [main] i.s.core.rpc.netty.NettyClientBootstrap  : NettyClientBootstrap has started
16:17:16:697  INFO 11964 --- [main] com.alibaba.nacos.common.remote.client   : [RpcClientFactory] create a new rpc client of 3dca1043-669f-45a5-b77a-08196d6044d9
16:17:16:698  INFO 11964 --- [main] com.alibaba.nacos.common.remote.client   : [3dca1043-669f-45a5-b77a-08196d6044d9] RpcClient init label, labels = {module=naming, source=sdk}
16:17:16:699  INFO 11964 --- [main] com.alibaba.nacos.common.remote.client   : [3dca1043-669f-45a5-b77a-08196d6044d9] RpcClient init, ServerListFactory = com.alibaba.nacos.client.naming.core.ServerListManager
16:17:16:699  INFO 11964 --- [main] com.alibaba.nacos.common.remote.client   : [3dca1043-669f-45a5-b77a-08196d6044d9] Registry connection listener to current client:com.alibaba.nacos.client.naming.remote.gprc.redo.NamingGrpcRedoService
16:17:16:700  INFO 11964 --- [main] com.alibaba.nacos.common.remote.client   : [3dca1043-669f-45a5-b77a-08196d6044d9] Register server push request handler:com.alibaba.nacos.client.naming.remote.gprc.NamingPushRequestHandler
16:17:16:700  INFO 11964 --- [main] com.alibaba.nacos.common.remote.client   : [3dca1043-669f-45a5-b77a-08196d6044d9] Try to connect to server on start up, server: {serverIp = '192.168.40.136', server main port = 8848}
16:17:16:930  INFO 11964 --- [main] com.alibaba.nacos.common.remote.client   : [3dca1043-669f-45a5-b77a-08196d6044d9] Success to connect to server [192.168.40.136:8848] on start up, connectionId = 1732349835569_192.168.40.1_51298
16:17:16:930  INFO 11964 --- [main] com.alibaba.nacos.common.remote.client   : [3dca1043-669f-45a5-b77a-08196d6044d9] Register server push request handler:com.alibaba.nacos.common.remote.client.RpcClient$ConnectResetRequestHandler
16:17:16:930  INFO 11964 --- [com.alibaba.nacos.client.remote.worker] com.alibaba.nacos.common.remote.client   : [3dca1043-669f-45a5-b77a-08196d6044d9] Notify connected event to listeners.
16:17:16:931  INFO 11964 --- [main] com.alibaba.nacos.common.remote.client   : [3dca1043-669f-45a5-b77a-08196d6044d9] Register server push request handler:com.alibaba.nacos.common.remote.client.RpcClient$$Lambda$470/0x0000000800433040
16:17:17:093  INFO 11964 --- [main] i.s.c.r.netty.NettyClientChannelManager  : will connect to 192.168.40.136:8099
16:17:17:351  INFO 11964 --- [main] i.s.core.rpc.netty.NettyPoolableFactory  : NettyPool create channel to transactionRole:TMROLE,address:192.168.40.136:8099,msg:< RegisterTMRequest{applicationId='item-service', transactionServiceGroup='hmall'} >
16:17:17:566  INFO 11964 --- [nacos-grpc-client-executor-7] com.alibaba.nacos.common.remote.client   : [3dca1043-669f-45a5-b77a-08196d6044d9] Receive server push request, request = NotifySubscriberRequest, requestId = 460
16:17:17:582  INFO 11964 --- [nacos-grpc-client-executor-7] com.alibaba.nacos.common.remote.client   : [3dca1043-669f-45a5-b77a-08196d6044d9] Ack server push request, request = NotifySubscriberRequest, requestId = 460
16:17:22:855  INFO 11964 --- [main] i.s.c.rpc.netty.TmNettyRemotingClient    : register TM success. client version:1.5.2, server version:1.5.2,channel:[id: 0x51c4f4e6, L:/192.168.40.1:51370 - R:/192.168.40.136:8099]
16:17:22:858  INFO 11964 --- [main] i.s.core.rpc.netty.NettyPoolableFactory  : register success, cost 5147 ms, version:1.5.2,role:TMROLE,channel:[id: 0x51c4f4e6, L:/192.168.40.1:51370 - R:/192.168.40.136:8099]
16:17:22:859  INFO 11964 --- [main] i.s.s.a.GlobalTransactionScanner         : Transaction Manager Client is initialized. applicationId[item-service] txServiceGroup[hmall]
16:17:22:866  INFO 11964 --- [main] io.seata.rm.datasource.AsyncWorker       : Async Commit Buffer Limit: 10000
16:17:22:866  INFO 11964 --- [main] i.s.rm.datasource.xa.ResourceManagerXA   : ResourceManagerXA init ...
16:17:22:871  INFO 11964 --- [main] i.s.core.rpc.netty.NettyClientBootstrap  : NettyClientBootstrap has started
16:17:22:871  INFO 11964 --- [main] i.s.s.a.GlobalTransactionScanner         : Resource Manager is initialized. applicationId[item-service] txServiceGroup[hmall]
16:17:22:871  INFO 11964 --- [main] i.s.s.a.GlobalTransactionScanner         : Global Transaction Clients are initialized. 
16:17:22:872  INFO 11964 --- [main] trationDelegate$BeanPostProcessorChecker : Bean 'io.seata.spring.boot.autoconfigure.SeataDataSourceAutoConfiguration' of type [io.seata.spring.boot.autoconfigure.SeataDataSourceAutoConfiguration] is not eligible for getting processed by all BeanPostProcessors (for example: not eligible for auto-proxying)
16:17:22:997  INFO 11964 --- [main] trationDelegate$BeanPostProcessorChecker : Bean 'com.alibaba.cloud.seata.feign.SeataFeignClientAutoConfiguration$FeignBeanPostProcessorConfiguration' of type [com.alibaba.cloud.seata.feign.SeataFeignClientAutoConfiguration$FeignBeanPostProcessorConfiguration] is not eligible for getting processed by all BeanPostProcessors (for example: not eligible for auto-proxying)
16:17:22:999  INFO 11964 --- [main] trationDelegate$BeanPostProcessorChecker : Bean 'seataFeignObjectWrapper' of type [com.alibaba.cloud.seata.feign.SeataFeignObjectWrapper] is not eligible for getting processed by all BeanPostProcessors (for example: not eligible for auto-proxying)
16:17:23:194  INFO 11964 --- [main] o.s.b.w.embedded.tomcat.TomcatWebServer  : Tomcat initialized with port(s): 8081 (http)
16:17:23:195  INFO 11964 --- [main] o.a.catalina.core.AprLifecycleListener   : Loaded Apache Tomcat Native library [1.2.30] using APR version [1.7.0].
16:17:23:195  INFO 11964 --- [main] o.a.catalina.core.AprLifecycleListener   : APR capabilities: IPv6 [true], sendfile [true], accept filters [false], random [true], UDS [true].
16:17:23:195  INFO 11964 --- [main] o.a.catalina.core.AprLifecycleListener   : APR/OpenSSL configuration: useAprConnector [false], useOpenSSL [true]
16:17:23:197  INFO 11964 --- [main] o.a.catalina.core.AprLifecycleListener   : OpenSSL successfully initialized [OpenSSL 1.1.1k  25 Mar 2021]
16:17:23:205  INFO 11964 --- [main] o.apache.catalina.core.StandardService   : Starting service [Tomcat]
16:17:23:205  INFO 11964 --- [main] org.apache.catalina.core.StandardEngine  : Starting Servlet engine: [Apache Tomcat/9.0.75]
16:17:23:327  INFO 11964 --- [main] o.a.c.c.C.[Tomcat].[localhost].[/]       : Initializing Spring embedded WebApplicationContext
16:17:23:327  INFO 11964 --- [main] w.s.c.ServletWebServerApplicationContext : Root WebApplicationContext: initialization completed in 10117 ms
16:17:23:478  INFO 11964 --- [main] com.zaxxer.hikari.HikariDataSource       : HikariPool-1 - Starting...
16:17:30:032  INFO 11964 --- [main] com.zaxxer.hikari.HikariDataSource       : HikariPool-1 - Start completed.
16:17:30:139  INFO 11964 --- [main] i.s.c.r.netty.NettyClientChannelManager  : will connect to 192.168.40.136:8099
16:17:30:140  INFO 11964 --- [main] i.s.c.rpc.netty.RmNettyRemotingClient    : RM will register :jdbc:mysql://192.168.40.136:3306/hm-item
16:17:30:140  INFO 11964 --- [main] i.s.core.rpc.netty.NettyPoolableFactory  : NettyPool create channel to transactionRole:RMROLE,address:192.168.40.136:8099,msg:< RegisterRMRequest{resourceIds='jdbc:mysql://192.168.40.136:3306/hm-item', applicationId='item-service', transactionServiceGroup='hmall'} >
16:17:31:108  INFO 11964 --- [main] i.s.c.rpc.netty.RmNettyRemotingClient    : register RM success. client version:1.5.2, server version:1.5.2,channel:[id: 0x0236f32f, L:/192.168.40.1:51442 - R:/192.168.40.136:8099]
16:17:31:108  INFO 11964 --- [main] i.s.core.rpc.netty.NettyPoolableFactory  : register success, cost 965 ms, version:1.5.2,role:RMROLE,channel:[id: 0x0236f32f, L:/192.168.40.1:51442 - R:/192.168.40.136:8099]
16:17:32:825  INFO 11964 --- [main] c.a.c.sentinel.SentinelWebMvcConfigurer  : [Sentinel Starter] register SentinelWebInterceptor with urlPatterns: [/**].
16:17:34:339  INFO 11964 --- [main] pertySourcedRequestMappingHandlerMapping : Mapped URL path [/v2/api-docs] onto method [springfox.documentation.swagger2.web.Swagger2ControllerWebMvc#getDocumentation(String, HttpServletRequest)]
16:17:36:247  INFO 11964 --- [main] com.alibaba.nacos.common.remote.client   : [RpcClientFactory] create a new rpc client of 458ee14d-89b3-4c04-be2d-d354778f40b2
16:17:36:248  INFO 11964 --- [main] com.alibaba.nacos.common.remote.client   : [458ee14d-89b3-4c04-be2d-d354778f40b2] RpcClient init label, labels = {module=naming, source=sdk}
16:17:36:248  INFO 11964 --- [main] com.alibaba.nacos.common.remote.client   : [458ee14d-89b3-4c04-be2d-d354778f40b2] RpcClient init, ServerListFactory = com.alibaba.nacos.client.naming.core.ServerListManager
16:17:36:248  INFO 11964 --- [main] com.alibaba.nacos.common.remote.client   : [458ee14d-89b3-4c04-be2d-d354778f40b2] Registry connection listener to current client:com.alibaba.nacos.client.naming.remote.gprc.redo.NamingGrpcRedoService
16:17:36:248  INFO 11964 --- [main] com.alibaba.nacos.common.remote.client   : [458ee14d-89b3-4c04-be2d-d354778f40b2] Register server push request handler:com.alibaba.nacos.client.naming.remote.gprc.NamingPushRequestHandler
16:17:36:249  INFO 11964 --- [main] com.alibaba.nacos.common.remote.client   : [458ee14d-89b3-4c04-be2d-d354778f40b2] Try to connect to server on start up, server: {serverIp = '192.168.40.136', server main port = 8848}
16:17:36:586  INFO 11964 --- [main] com.alibaba.nacos.common.remote.client   : [458ee14d-89b3-4c04-be2d-d354778f40b2] Success to connect to server [192.168.40.136:8848] on start up, connectionId = 1732349855127_192.168.40.1_51525
16:17:36:586  INFO 11964 --- [main] com.alibaba.nacos.common.remote.client   : [458ee14d-89b3-4c04-be2d-d354778f40b2] Register server push request handler:com.alibaba.nacos.common.remote.client.RpcClient$ConnectResetRequestHandler
16:17:36:586  INFO 11964 --- [com.alibaba.nacos.client.remote.worker] com.alibaba.nacos.common.remote.client   : [458ee14d-89b3-4c04-be2d-d354778f40b2] Notify connected event to listeners.
16:17:36:586  INFO 11964 --- [main] com.alibaba.nacos.common.remote.client   : [458ee14d-89b3-4c04-be2d-d354778f40b2] Register server push request handler:com.alibaba.nacos.common.remote.client.RpcClient$$Lambda$470/0x0000000800433040
16:17:36:693  INFO 11964 --- [main] o.s.b.w.embedded.tomcat.TomcatWebServer  : Tomcat started on port(s): 8081 (http) with context path ''
16:17:36:754  INFO 11964 --- [main] c.a.c.n.registry.NacosServiceRegistry    : nacos registry, DEFAULT_GROUP item-service 192.168.40.1:8081 register finished
16:17:37:217  INFO 11964 --- [nacos-grpc-client-executor-7] com.alibaba.nacos.common.remote.client   : [458ee14d-89b3-4c04-be2d-d354778f40b2] Receive server push request, request = NotifySubscriberRequest, requestId = 466
16:17:37:226  INFO 11964 --- [nacos-grpc-client-executor-7] com.alibaba.nacos.common.remote.client   : [458ee14d-89b3-4c04-be2d-d354778f40b2] Ack server push request, request = NotifySubscriberRequest, requestId = 466
16:17:37:652  INFO 11964 --- [main] d.s.w.p.DocumentationPluginsBootstrapper : Documentation plugins bootstrapped
16:17:37:656  INFO 11964 --- [main] d.s.w.p.DocumentationPluginsBootstrapper : Found 1 custom documentation plugin(s)
16:17:37:692  INFO 11964 --- [main] s.d.s.w.s.ApiListingReferenceScanner     : Scanning for api listing references
16:17:37:859  INFO 11964 --- [main] o.s.a.r.c.CachingConnectionFactory       : Attempting to connect to: [192.168.40.136:5672]
16:17:38:055  INFO 11964 --- [main] o.s.a.r.c.CachingConnectionFactory       : Created new connection: rabbitConnectionFactory#3df54fd5:0/SimpleConnection@415cb259 [delegate=amqp://hmall@192.168.40.136:5672//hmall, localPort= 51543]
16:17:38:877  INFO 11964 --- [main] com.hmall.item.ItemApplication           : Started ItemApplication in 31.514 seconds (JVM running for 32.722)
16:17:38:884  INFO 11964 --- [main] c.a.c.n.refresh.NacosContextRefresher    : [Nacos Config] Listening config: dataId=item-service.yaml, group=DEFAULT_GROUP
16:17:38:885  INFO 11964 --- [main] c.a.c.n.refresh.NacosContextRefresher    : [Nacos Config] Listening config: dataId=item-service-local.yaml, group=DEFAULT_GROUP
16:17:38:886  INFO 11964 --- [main] c.a.c.n.refresh.NacosContextRefresher    : [Nacos Config] Listening config: dataId=item-service, group=DEFAULT_GROUP
16:18:21:216  INFO 11964 --- [http-nio-8081-exec-1] o.a.c.c.C.[Tomcat].[localhost].[/]       : Initializing Spring DispatcherServlet 'dispatcherServlet'
16:18:21:217  INFO 11964 --- [http-nio-8081-exec-1] o.s.web.servlet.DispatcherServlet        : Initializing Servlet 'dispatcherServlet'
16:18:21:220  INFO 11964 --- [http-nio-8081-exec-1] o.s.web.servlet.DispatcherServlet        : Completed initialization in 3 ms
16:18:21:529 DEBUG 11964 --- [http-nio-8081-exec-1] c.h.item.mapper.ItemMapper.updateById    : ==>  Preparing: UPDATE item SET status=? WHERE id=?
16:18:21:560 DEBUG 11964 --- [http-nio-8081-exec-1] c.h.item.mapper.ItemMapper.updateById    : ==> Parameters: 2(Integer), 317578(Long)
16:18:21:747 DEBUG 11964 --- [http-nio-8081-exec-1] c.h.item.mapper.ItemMapper.updateById    : <==    Updates: 1
16:19:10:256 DEBUG 11964 --- [http-nio-8081-exec-3] c.h.item.mapper.ItemMapper.updateById    : ==>  Preparing: UPDATE item SET status=? WHERE id=?
16:19:10:256 DEBUG 11964 --- [http-nio-8081-exec-3] c.h.item.mapper.ItemMapper.updateById    : ==> Parameters: 1(Integer), 317578(Long)
16:19:10:266 DEBUG 11964 --- [http-nio-8081-exec-3] c.h.item.mapper.ItemMapper.updateById    : <==    Updates: 1
16:19:11:269  WARN 11964 --- [org.springframework.amqp.rabbit.RabbitListenerEndpointContainer#1-1] s.a.r.l.ConditionalRejectingErrorHandler : Execution of Rabbit message listener failed.

org.springframework.amqp.rabbit.support.ListenerExecutionFailedException: Failed to convert message
	at org.springframework.amqp.rabbit.listener.adapter.MessagingMessageListenerAdapter.onMessage(MessagingMessageListenerAdapter.java:157) ~[spring-rabbit-2.4.12.jar:2.4.12]
	at org.springframework.amqp.rabbit.listener.AbstractMessageListenerContainer.doInvokeListener(AbstractMessageListenerContainer.java:1674) ~[spring-rabbit-2.4.12.jar:2.4.12]
	at org.springframework.amqp.rabbit.listener.AbstractMessageListenerContainer.actualInvokeListener(AbstractMessageListenerContainer.java:1593) ~[spring-rabbit-2.4.12.jar:2.4.12]
	at org.springframework.amqp.rabbit.listener.AbstractMessageListenerContainer.invokeListener(AbstractMessageListenerContainer.java:1581) ~[spring-rabbit-2.4.12.jar:2.4.12]
	at org.springframework.amqp.rabbit.listener.AbstractMessageListenerContainer.doExecuteListener(AbstractMessageListenerContainer.java:1572) ~[spring-rabbit-2.4.12.jar:2.4.12]
	at org.springframework.amqp.rabbit.listener.AbstractMessageListenerContainer.executeListener(AbstractMessageListenerContainer.java:1516) ~[spring-rabbit-2.4.12.jar:2.4.12]
	at org.springframework.amqp.rabbit.listener.SimpleMessageListenerContainer.doReceiveAndExecute(SimpleMessageListenerContainer.java:1001) ~[spring-rabbit-2.4.12.jar:2.4.12]
	at org.springframework.amqp.rabbit.listener.SimpleMessageListenerContainer.receiveAndExecute(SimpleMessageListenerContainer.java:948) ~[spring-rabbit-2.4.12.jar:2.4.12]
	at org.springframework.amqp.rabbit.listener.SimpleMessageListenerContainer.access$1600(SimpleMessageListenerContainer.java:86) ~[spring-rabbit-2.4.12.jar:2.4.12]
	at org.springframework.amqp.rabbit.listener.SimpleMessageListenerContainer$AsyncMessageProcessingConsumer.mainLoop(SimpleMessageListenerContainer.java:1326) ~[spring-rabbit-2.4.12.jar:2.4.12]
	at org.springframework.amqp.rabbit.listener.SimpleMessageListenerContainer$AsyncMessageProcessingConsumer.run(SimpleMessageListenerContainer.java:1232) ~[spring-rabbit-2.4.12.jar:2.4.12]
	at java.base/java.lang.Thread.run(Thread.java:834) ~[na:na]
Caused by: org.springframework.amqp.support.converter.MessageConversionException: Failed to convert Message content
	at org.springframework.amqp.support.converter.AbstractJackson2MessageConverter.doFromMessage(AbstractJackson2MessageConverter.java:367) ~[spring-amqp-2.4.12.jar:2.4.12]
	at org.springframework.amqp.support.converter.AbstractJackson2MessageConverter.fromMessage(AbstractJackson2MessageConverter.java:321) ~[spring-amqp-2.4.12.jar:2.4.12]
	at org.springframework.amqp.support.converter.AbstractJackson2MessageConverter.fromMessage(AbstractJackson2MessageConverter.java:304) ~[spring-amqp-2.4.12.jar:2.4.12]
	at org.springframework.amqp.rabbit.listener.adapter.AbstractAdaptableMessageListener.extractMessage(AbstractAdaptableMessageListener.java:343) ~[spring-rabbit-2.4.12.jar:2.4.12]
	at org.springframework.amqp.rabbit.listener.adapter.MessagingMessageListenerAdapter$MessagingMessageConverterAdapter.extractPayload(MessagingMessageListenerAdapter.java:367) ~[spring-rabbit-2.4.12.jar:2.4.12]
	at org.springframework.amqp.support.converter.MessagingMessageConverter.fromMessage(MessagingMessageConverter.java:132) ~[spring-amqp-2.4.12.jar:2.4.12]
	at org.springframework.amqp.rabbit.listener.adapter.MessagingMessageListenerAdapter.toMessagingMessage(MessagingMessageListenerAdapter.java:244) ~[spring-rabbit-2.4.12.jar:2.4.12]
	at org.springframework.amqp.rabbit.listener.adapter.MessagingMessageListenerAdapter.onMessage(MessagingMessageListenerAdapter.java:147) ~[spring-rabbit-2.4.12.jar:2.4.12]
	... 11 common frames omitted
Caused by: com.fasterxml.jackson.databind.exc.MismatchedInputException: Cannot deserialize value of type `java.lang.Long` from Object value (token `JsonToken.START_OBJECT`)
 at [Source: (String)"{"id":317578,"name":null,"price":null,"stock":null,"image":null,"category":null,"brand":null,"spec":null,"sold":null,"commentCount":null,"isAD":null,"status":1,"createTime":null,"updateTime":null,"creater":null,"updater":null}"; line: 1, column: 1]
	at com.fasterxml.jackson.databind.exc.MismatchedInputException.from(MismatchedInputException.java:59) ~[jackson-databind-2.13.5.jar:2.13.5]
	at com.fasterxml.jackson.databind.DeserializationContext.reportInputMismatch(DeserializationContext.java:1741) ~[jackson-databind-2.13.5.jar:2.13.5]
	at com.fasterxml.jackson.databind.DeserializationContext.handleUnexpectedToken(DeserializationContext.java:1515) ~[jackson-databind-2.13.5.jar:2.13.5]
	at com.fasterxml.jackson.databind.DeserializationContext.handleUnexpectedToken(DeserializationContext.java:1420) ~[jackson-databind-2.13.5.jar:2.13.5]
	at com.fasterxml.jackson.databind.DeserializationContext.extractScalarFromObject(DeserializationContext.java:932) ~[jackson-databind-2.13.5.jar:2.13.5]
	at com.fasterxml.jackson.databind.deser.std.StdDeserializer._parseLong(StdDeserializer.java:949) ~[jackson-databind-2.13.5.jar:2.13.5]
	at com.fasterxml.jackson.databind.deser.std.NumberDeserializers$LongDeserializer.deserialize(NumberDeserializers.java:575) ~[jackson-databind-2.13.5.jar:2.13.5]
	at com.fasterxml.jackson.databind.deser.std.NumberDeserializers$LongDeserializer.deserialize(NumberDeserializers.java:550) ~[jackson-databind-2.13.5.jar:2.13.5]
	at com.fasterxml.jackson.databind.deser.DefaultDeserializationContext.readRootValue(DefaultDeserializationContext.java:323) ~[jackson-databind-2.13.5.jar:2.13.5]
	at com.fasterxml.jackson.databind.ObjectMapper._readMapAndClose(ObjectMapper.java:4674) ~[jackson-databind-2.13.5.jar:2.13.5]
	at com.fasterxml.jackson.databind.ObjectMapper.readValue(ObjectMapper.java:3629) ~[jackson-databind-2.13.5.jar:2.13.5]
	at org.springframework.amqp.support.converter.AbstractJackson2MessageConverter.convertBytesToObject(AbstractJackson2MessageConverter.java:428) ~[spring-amqp-2.4.12.jar:2.4.12]
	at org.springframework.amqp.support.converter.AbstractJackson2MessageConverter.convertContent(AbstractJackson2MessageConverter.java:395) ~[spring-amqp-2.4.12.jar:2.4.12]
	at org.springframework.amqp.support.converter.AbstractJackson2MessageConverter.doFromMessage(AbstractJackson2MessageConverter.java:364) ~[spring-amqp-2.4.12.jar:2.4.12]
	... 18 common frames omitted

16:19:11:271  WARN 11964 --- [org.springframework.amqp.rabbit.RabbitListenerEndpointContainer#1-1] ingErrorHandler$DefaultExceptionStrategy : Fatal message conversion error; message rejected; it will be dropped or routed to a dead letter exchange, if so configured: (Body:'[B@5c23016b(byte[226])' MessageProperties [headers={__TypeId__=com.hmall.item.domain.po.Item}, contentType=application/json, contentEncoding=UTF-8, contentLength=0, receivedDeliveryMode=PERSISTENT, priority=0, redelivered=false, receivedExchange=item.update.direct, receivedRoutingKey=update.item.status.to.elasticsearch, receivedDelay=1000, deliveryTag=1, consumerTag=amq.ctag-ih2prpOeLv2U4e1z0DPpTg, consumerQueue=item.update.queue])
16:19:11:272 ERROR 11964 --- [org.springframework.amqp.rabbit.RabbitListenerEndpointContainer#1-1] o.s.a.r.l.SimpleMessageListenerContainer : Execution of Rabbit message listener failed, and the error handler threw an exception

org.springframework.amqp.AmqpRejectAndDontRequeueException: Error Handler converted exception to fatal
	at org.springframework.amqp.rabbit.listener.ConditionalRejectingErrorHandler.handleError(ConditionalRejectingErrorHandler.java:147) ~[spring-rabbit-2.4.12.jar:2.4.12]
	at org.springframework.amqp.rabbit.listener.AbstractMessageListenerContainer.invokeErrorHandler(AbstractMessageListenerContainer.java:1478) ~[spring-rabbit-2.4.12.jar:2.4.12]
	at org.springframework.amqp.rabbit.listener.AbstractMessageListenerContainer.handleListenerException(AbstractMessageListenerContainer.java:1762) ~[spring-rabbit-2.4.12.jar:2.4.12]
	at org.springframework.amqp.rabbit.listener.AbstractMessageListenerContainer.executeListener(AbstractMessageListenerContainer.java:1537) ~[spring-rabbit-2.4.12.jar:2.4.12]
	at org.springframework.amqp.rabbit.listener.SimpleMessageListenerContainer.doReceiveAndExecute(SimpleMessageListenerContainer.java:1001) ~[spring-rabbit-2.4.12.jar:2.4.12]
	at org.springframework.amqp.rabbit.listener.SimpleMessageListenerContainer.receiveAndExecute(SimpleMessageListenerContainer.java:948) ~[spring-rabbit-2.4.12.jar:2.4.12]
	at org.springframework.amqp.rabbit.listener.SimpleMessageListenerContainer.access$1600(SimpleMessageListenerContainer.java:86) ~[spring-rabbit-2.4.12.jar:2.4.12]
	at org.springframework.amqp.rabbit.listener.SimpleMessageListenerContainer$AsyncMessageProcessingConsumer.mainLoop(SimpleMessageListenerContainer.java:1326) ~[spring-rabbit-2.4.12.jar:2.4.12]
	at org.springframework.amqp.rabbit.listener.SimpleMessageListenerContainer$AsyncMessageProcessingConsumer.run(SimpleMessageListenerContainer.java:1232) ~[spring-rabbit-2.4.12.jar:2.4.12]
	at java.base/java.lang.Thread.run(Thread.java:834) ~[na:na]
Caused by: org.springframework.amqp.rabbit.support.ListenerExecutionFailedException: Failed to convert message
	at org.springframework.amqp.rabbit.listener.adapter.MessagingMessageListenerAdapter.onMessage(MessagingMessageListenerAdapter.java:157) ~[spring-rabbit-2.4.12.jar:2.4.12]
	at org.springframework.amqp.rabbit.listener.AbstractMessageListenerContainer.doInvokeListener(AbstractMessageListenerContainer.java:1674) ~[spring-rabbit-2.4.12.jar:2.4.12]
	at org.springframework.amqp.rabbit.listener.AbstractMessageListenerContainer.actualInvokeListener(AbstractMessageListenerContainer.java:1593) ~[spring-rabbit-2.4.12.jar:2.4.12]
	at org.springframework.amqp.rabbit.listener.AbstractMessageListenerContainer.invokeListener(AbstractMessageListenerContainer.java:1581) ~[spring-rabbit-2.4.12.jar:2.4.12]
	at org.springframework.amqp.rabbit.listener.AbstractMessageListenerContainer.doExecuteListener(AbstractMessageListenerContainer.java:1572) ~[spring-rabbit-2.4.12.jar:2.4.12]
	at org.springframework.amqp.rabbit.listener.AbstractMessageListenerContainer.executeListener(AbstractMessageListenerContainer.java:1516) ~[spring-rabbit-2.4.12.jar:2.4.12]
	... 6 common frames omitted
Caused by: org.springframework.amqp.support.converter.MessageConversionException: Failed to convert Message content
	at org.springframework.amqp.support.converter.AbstractJackson2MessageConverter.doFromMessage(AbstractJackson2MessageConverter.java:367) ~[spring-amqp-2.4.12.jar:2.4.12]
	at org.springframework.amqp.support.converter.AbstractJackson2MessageConverter.fromMessage(AbstractJackson2MessageConverter.java:321) ~[spring-amqp-2.4.12.jar:2.4.12]
	at org.springframework.amqp.support.converter.AbstractJackson2MessageConverter.fromMessage(AbstractJackson2MessageConverter.java:304) ~[spring-amqp-2.4.12.jar:2.4.12]
	at org.springframework.amqp.rabbit.listener.adapter.AbstractAdaptableMessageListener.extractMessage(AbstractAdaptableMessageListener.java:343) ~[spring-rabbit-2.4.12.jar:2.4.12]
	at org.springframework.amqp.rabbit.listener.adapter.MessagingMessageListenerAdapter$MessagingMessageConverterAdapter.extractPayload(MessagingMessageListenerAdapter.java:367) ~[spring-rabbit-2.4.12.jar:2.4.12]
	at org.springframework.amqp.support.converter.MessagingMessageConverter.fromMessage(MessagingMessageConverter.java:132) ~[spring-amqp-2.4.12.jar:2.4.12]
	at org.springframework.amqp.rabbit.listener.adapter.MessagingMessageListenerAdapter.toMessagingMessage(MessagingMessageListenerAdapter.java:244) ~[spring-rabbit-2.4.12.jar:2.4.12]
	at org.springframework.amqp.rabbit.listener.adapter.MessagingMessageListenerAdapter.onMessage(MessagingMessageListenerAdapter.java:147) ~[spring-rabbit-2.4.12.jar:2.4.12]
	... 11 common frames omitted
Caused by: com.fasterxml.jackson.databind.exc.MismatchedInputException: Cannot deserialize value of type `java.lang.Long` from Object value (token `JsonToken.START_OBJECT`)
 at [Source: (String)"{"id":317578,"name":null,"price":null,"stock":null,"image":null,"category":null,"brand":null,"spec":null,"sold":null,"commentCount":null,"isAD":null,"status":1,"createTime":null,"updateTime":null,"creater":null,"updater":null}"; line: 1, column: 1]
	at com.fasterxml.jackson.databind.exc.MismatchedInputException.from(MismatchedInputException.java:59) ~[jackson-databind-2.13.5.jar:2.13.5]
	at com.fasterxml.jackson.databind.DeserializationContext.reportInputMismatch(DeserializationContext.java:1741) ~[jackson-databind-2.13.5.jar:2.13.5]
	at com.fasterxml.jackson.databind.DeserializationContext.handleUnexpectedToken(DeserializationContext.java:1515) ~[jackson-databind-2.13.5.jar:2.13.5]
	at com.fasterxml.jackson.databind.DeserializationContext.handleUnexpectedToken(DeserializationContext.java:1420) ~[jackson-databind-2.13.5.jar:2.13.5]
	at com.fasterxml.jackson.databind.DeserializationContext.extractScalarFromObject(DeserializationContext.java:932) ~[jackson-databind-2.13.5.jar:2.13.5]
	at com.fasterxml.jackson.databind.deser.std.StdDeserializer._parseLong(StdDeserializer.java:949) ~[jackson-databind-2.13.5.jar:2.13.5]
	at com.fasterxml.jackson.databind.deser.std.NumberDeserializers$LongDeserializer.deserialize(NumberDeserializers.java:575) ~[jackson-databind-2.13.5.jar:2.13.5]
	at com.fasterxml.jackson.databind.deser.std.NumberDeserializers$LongDeserializer.deserialize(NumberDeserializers.java:550) ~[jackson-databind-2.13.5.jar:2.13.5]
	at com.fasterxml.jackson.databind.deser.DefaultDeserializationContext.readRootValue(DefaultDeserializationContext.java:323) ~[jackson-databind-2.13.5.jar:2.13.5]
	at com.fasterxml.jackson.databind.ObjectMapper._readMapAndClose(ObjectMapper.java:4674) ~[jackson-databind-2.13.5.jar:2.13.5]
	at com.fasterxml.jackson.databind.ObjectMapper.readValue(ObjectMapper.java:3629) ~[jackson-databind-2.13.5.jar:2.13.5]
	at org.springframework.amqp.support.converter.AbstractJackson2MessageConverter.convertBytesToObject(AbstractJackson2MessageConverter.java:428) ~[spring-amqp-2.4.12.jar:2.4.12]
	at org.springframework.amqp.support.converter.AbstractJackson2MessageConverter.convertContent(AbstractJackson2MessageConverter.java:395) ~[spring-amqp-2.4.12.jar:2.4.12]
	at org.springframework.amqp.support.converter.AbstractJackson2MessageConverter.doFromMessage(AbstractJackson2MessageConverter.java:364) ~[spring-amqp-2.4.12.jar:2.4.12]
	... 18 common frames omitted

16:19:34:689  INFO 11964 --- [com.alibaba.nacos.client.remote.worker] com.alibaba.nacos.common.remote.client   : [458ee14d-89b3-4c04-be2d-d354778f40b2] Server healthy check fail, currentConnection = 1732349855127_192.168.40.1_51525
16:19:34:690  INFO 11964 --- [com.alibaba.nacos.client.remote.worker] com.alibaba.nacos.common.remote.client   : [458ee14d-89b3-4c04-be2d-d354778f40b2] Try to reconnect to a new server, server is  not appointed, will choose a random server.
16:19:35:107  INFO 11964 --- [com.alibaba.nacos.client.remote.worker] com.alibaba.nacos.common.remote.client   : [3dca1043-669f-45a5-b77a-08196d6044d9] Server healthy check fail, currentConnection = 1732349835569_192.168.40.1_51298
16:19:35:107  INFO 11964 --- [com.alibaba.nacos.client.remote.worker] com.alibaba.nacos.common.remote.client   : [3dca1043-669f-45a5-b77a-08196d6044d9] Try to reconnect to a new server, server is  not appointed, will choose a random server.
16:19:36:580  INFO 11964 --- [com.alibaba.nacos.client.remote.worker] com.alibaba.nacos.common.remote.client   : [458ee14d-89b3-4c04-be2d-d354778f40b2] Success to connect a server [192.168.40.136:8848], connectionId = 1732349975141_192.168.40.1_52137
16:19:36:580  INFO 11964 --- [com.alibaba.nacos.client.remote.worker] com.alibaba.nacos.common.remote.client   : [458ee14d-89b3-4c04-be2d-d354778f40b2] Abandon prev connection, server is 192.168.40.136:8848, connectionId is 1732349855127_192.168.40.1_51525
16:19:36:581  INFO 11964 --- [com.alibaba.nacos.client.remote.worker] com.alibaba.nacos.common.remote.client   : Close current connection 1732349855127_192.168.40.1_51525
16:19:36:588  INFO 11964 --- [com.alibaba.nacos.client.remote.worker] com.alibaba.nacos.common.remote.client   : [458ee14d-89b3-4c04-be2d-d354778f40b2] Notify disconnected event to listeners
16:19:36:589  INFO 11964 --- [com.alibaba.nacos.client.remote.worker] com.alibaba.nacos.common.remote.client   : [458ee14d-89b3-4c04-be2d-d354778f40b2] Notify connected event to listeners.
16:19:36:590  WARN 11964 --- [nacos-grpc-client-executor-40] c.a.n.c.remote.client.grpc.GrpcClient    : [1732349855127_192.168.40.1_51525]Ignore error event,isRunning:true,isAbandon=true
16:19:36:602  INFO 11964 --- [com.alibaba.nacos.client.remote.worker] com.alibaba.nacos.common.remote.client   : [3dca1043-669f-45a5-b77a-08196d6044d9] Success to connect a server [192.168.40.136:8848], connectionId = 1732349975213_192.168.40.1_52144
16:19:36:602  INFO 11964 --- [com.alibaba.nacos.client.remote.worker] com.alibaba.nacos.common.remote.client   : [3dca1043-669f-45a5-b77a-08196d6044d9] Abandon prev connection, server is 192.168.40.136:8848, connectionId is 1732349835569_192.168.40.1_51298
16:19:36:602  INFO 11964 --- [com.alibaba.nacos.client.remote.worker] com.alibaba.nacos.common.remote.client   : Close current connection 1732349835569_192.168.40.1_51298
16:19:36:603  INFO 11964 --- [com.alibaba.nacos.client.remote.worker] com.alibaba.nacos.common.remote.client   : [3dca1043-669f-45a5-b77a-08196d6044d9] Notify disconnected event to listeners
16:19:36:604  INFO 11964 --- [com.alibaba.nacos.client.remote.worker] com.alibaba.nacos.common.remote.client   : [3dca1043-669f-45a5-b77a-08196d6044d9] Notify connected event to listeners.
16:19:36:604  WARN 11964 --- [nacos-grpc-client-executor-50] c.a.n.c.remote.client.grpc.GrpcClient    : [1732349835569_192.168.40.1_51298]Ignore error event,isRunning:true,isAbandon=true
16:19:38:984  INFO 11964 --- [nacos-grpc-client-executor-53] com.alibaba.nacos.common.remote.client   : [3dca1043-669f-45a5-b77a-08196d6044d9] Receive server push request, request = NotifySubscriberRequest, requestId = 470
16:19:38:984  INFO 11964 --- [nacos-grpc-client-executor-53] com.alibaba.nacos.common.remote.client   : [3dca1043-669f-45a5-b77a-08196d6044d9] Ack server push request, request = NotifySubscriberRequest, requestId = 470
16:19:40:234  INFO 11964 --- [nacos-grpc-client-executor-47] com.alibaba.nacos.common.remote.client   : [458ee14d-89b3-4c04-be2d-d354778f40b2] Receive server push request, request = NotifySubscriberRequest, requestId = 473
16:19:40:235  INFO 11964 --- [nacos-grpc-client-executor-47] com.alibaba.nacos.common.remote.client   : [458ee14d-89b3-4c04-be2d-d354778f40b2] Ack server push request, request = NotifySubscriberRequest, requestId = 473
16:20:12:586 DEBUG 11964 --- [http-nio-8081-exec-5] c.h.item.mapper.ItemMapper.updateById    : ==>  Preparing: UPDATE item SET status=? WHERE id=?
16:20:12:586 DEBUG 11964 --- [http-nio-8081-exec-5] c.h.item.mapper.ItemMapper.updateById    : ==> Parameters: 1(Integer), 317578(Long)
16:20:12:639 DEBUG 11964 --- [http-nio-8081-exec-5] c.h.item.mapper.ItemMapper.updateById    : <==    Updates: 1
16:20:13:657  WARN 11964 --- [org.springframework.amqp.rabbit.RabbitListenerEndpointContainer#2-1] s.a.r.l.ConditionalRejectingErrorHandler : Execution of Rabbit message listener failed.

org.springframework.amqp.rabbit.support.ListenerExecutionFailedException: Failed to convert message
	at org.springframework.amqp.rabbit.listener.adapter.MessagingMessageListenerAdapter.onMessage(MessagingMessageListenerAdapter.java:157) ~[spring-rabbit-2.4.12.jar:2.4.12]
	at org.springframework.amqp.rabbit.listener.AbstractMessageListenerContainer.doInvokeListener(AbstractMessageListenerContainer.java:1674) ~[spring-rabbit-2.4.12.jar:2.4.12]
	at org.springframework.amqp.rabbit.listener.AbstractMessageListenerContainer.actualInvokeListener(AbstractMessageListenerContainer.java:1593) ~[spring-rabbit-2.4.12.jar:2.4.12]
	at org.springframework.amqp.rabbit.listener.AbstractMessageListenerContainer.invokeListener(AbstractMessageListenerContainer.java:1581) ~[spring-rabbit-2.4.12.jar:2.4.12]
	at org.springframework.amqp.rabbit.listener.AbstractMessageListenerContainer.doExecuteListener(AbstractMessageListenerContainer.java:1572) ~[spring-rabbit-2.4.12.jar:2.4.12]
	at org.springframework.amqp.rabbit.listener.AbstractMessageListenerContainer.executeListener(AbstractMessageListenerContainer.java:1516) ~[spring-rabbit-2.4.12.jar:2.4.12]
	at org.springframework.amqp.rabbit.listener.SimpleMessageListenerContainer.doReceiveAndExecute(SimpleMessageListenerContainer.java:1001) ~[spring-rabbit-2.4.12.jar:2.4.12]
	at org.springframework.amqp.rabbit.listener.SimpleMessageListenerContainer.receiveAndExecute(SimpleMessageListenerContainer.java:948) ~[spring-rabbit-2.4.12.jar:2.4.12]
	at org.springframework.amqp.rabbit.listener.SimpleMessageListenerContainer.access$1600(SimpleMessageListenerContainer.java:86) ~[spring-rabbit-2.4.12.jar:2.4.12]
	at org.springframework.amqp.rabbit.listener.SimpleMessageListenerContainer$AsyncMessageProcessingConsumer.mainLoop(SimpleMessageListenerContainer.java:1326) ~[spring-rabbit-2.4.12.jar:2.4.12]
	at org.springframework.amqp.rabbit.listener.SimpleMessageListenerContainer$AsyncMessageProcessingConsumer.run(SimpleMessageListenerContainer.java:1232) ~[spring-rabbit-2.4.12.jar:2.4.12]
	at java.base/java.lang.Thread.run(Thread.java:834) ~[na:na]
Caused by: org.springframework.amqp.support.converter.MessageConversionException: Failed to convert Message content
	at org.springframework.amqp.support.converter.AbstractJackson2MessageConverter.doFromMessage(AbstractJackson2MessageConverter.java:367) ~[spring-amqp-2.4.12.jar:2.4.12]
	at org.springframework.amqp.support.converter.AbstractJackson2MessageConverter.fromMessage(AbstractJackson2MessageConverter.java:321) ~[spring-amqp-2.4.12.jar:2.4.12]
	at org.springframework.amqp.support.converter.AbstractJackson2MessageConverter.fromMessage(AbstractJackson2MessageConverter.java:304) ~[spring-amqp-2.4.12.jar:2.4.12]
	at org.springframework.amqp.rabbit.listener.adapter.AbstractAdaptableMessageListener.extractMessage(AbstractAdaptableMessageListener.java:343) ~[spring-rabbit-2.4.12.jar:2.4.12]
	at org.springframework.amqp.rabbit.listener.adapter.MessagingMessageListenerAdapter$MessagingMessageConverterAdapter.extractPayload(MessagingMessageListenerAdapter.java:367) ~[spring-rabbit-2.4.12.jar:2.4.12]
	at org.springframework.amqp.support.converter.MessagingMessageConverter.fromMessage(MessagingMessageConverter.java:132) ~[spring-amqp-2.4.12.jar:2.4.12]
	at org.springframework.amqp.rabbit.listener.adapter.MessagingMessageListenerAdapter.toMessagingMessage(MessagingMessageListenerAdapter.java:244) ~[spring-rabbit-2.4.12.jar:2.4.12]
	at org.springframework.amqp.rabbit.listener.adapter.MessagingMessageListenerAdapter.onMessage(MessagingMessageListenerAdapter.java:147) ~[spring-rabbit-2.4.12.jar:2.4.12]
	... 11 common frames omitted
Caused by: com.fasterxml.jackson.databind.exc.MismatchedInputException: Cannot deserialize value of type `java.lang.Long` from Object value (token `JsonToken.START_OBJECT`)
 at [Source: (String)"{"id":317578,"name":null,"price":null,"stock":null,"image":null,"category":null,"brand":null,"spec":null,"sold":null,"commentCount":null,"isAD":null,"status":1,"createTime":null,"updateTime":null,"creater":null,"updater":null}"; line: 1, column: 1]
	at com.fasterxml.jackson.databind.exc.MismatchedInputException.from(MismatchedInputException.java:59) ~[jackson-databind-2.13.5.jar:2.13.5]
	at com.fasterxml.jackson.databind.DeserializationContext.reportInputMismatch(DeserializationContext.java:1741) ~[jackson-databind-2.13.5.jar:2.13.5]
	at com.fasterxml.jackson.databind.DeserializationContext.handleUnexpectedToken(DeserializationContext.java:1515) ~[jackson-databind-2.13.5.jar:2.13.5]
	at com.fasterxml.jackson.databind.DeserializationContext.handleUnexpectedToken(DeserializationContext.java:1420) ~[jackson-databind-2.13.5.jar:2.13.5]
	at com.fasterxml.jackson.databind.DeserializationContext.extractScalarFromObject(DeserializationContext.java:932) ~[jackson-databind-2.13.5.jar:2.13.5]
	at com.fasterxml.jackson.databind.deser.std.StdDeserializer._parseLong(StdDeserializer.java:949) ~[jackson-databind-2.13.5.jar:2.13.5]
	at com.fasterxml.jackson.databind.deser.std.NumberDeserializers$LongDeserializer.deserialize(NumberDeserializers.java:575) ~[jackson-databind-2.13.5.jar:2.13.5]
	at com.fasterxml.jackson.databind.deser.std.NumberDeserializers$LongDeserializer.deserialize(NumberDeserializers.java:550) ~[jackson-databind-2.13.5.jar:2.13.5]
	at com.fasterxml.jackson.databind.deser.DefaultDeserializationContext.readRootValue(DefaultDeserializationContext.java:323) ~[jackson-databind-2.13.5.jar:2.13.5]
	at com.fasterxml.jackson.databind.ObjectMapper._readMapAndClose(ObjectMapper.java:4674) ~[jackson-databind-2.13.5.jar:2.13.5]
	at com.fasterxml.jackson.databind.ObjectMapper.readValue(ObjectMapper.java:3629) ~[jackson-databind-2.13.5.jar:2.13.5]
	at org.springframework.amqp.support.converter.AbstractJackson2MessageConverter.convertBytesToObject(AbstractJackson2MessageConverter.java:428) ~[spring-amqp-2.4.12.jar:2.4.12]
	at org.springframework.amqp.support.converter.AbstractJackson2MessageConverter.convertContent(AbstractJackson2MessageConverter.java:395) ~[spring-amqp-2.4.12.jar:2.4.12]
	at org.springframework.amqp.support.converter.AbstractJackson2MessageConverter.doFromMessage(AbstractJackson2MessageConverter.java:364) ~[spring-amqp-2.4.12.jar:2.4.12]
	... 18 common frames omitted

16:20:13:659  WARN 11964 --- [org.springframework.amqp.rabbit.RabbitListenerEndpointContainer#2-1] ingErrorHandler$DefaultExceptionStrategy : Fatal message conversion error; message rejected; it will be dropped or routed to a dead letter exchange, if so configured: (Body:'[B@264912b1(byte[226])' MessageProperties [headers={__TypeId__=com.hmall.item.domain.po.Item}, contentType=application/json, contentEncoding=UTF-8, contentLength=0, receivedDeliveryMode=PERSISTENT, priority=0, redelivered=false, receivedExchange=item.update.direct, receivedRoutingKey=update.item.status.to.elasticsearch, receivedDelay=1000, deliveryTag=1, consumerTag=amq.ctag-hNj_NLNYsn8qnQ604N6tNQ, consumerQueue=item.update.queue])
16:20:13:659 ERROR 11964 --- [org.springframework.amqp.rabbit.RabbitListenerEndpointContainer#2-1] o.s.a.r.l.SimpleMessageListenerContainer : Execution of Rabbit message listener failed, and the error handler threw an exception

org.springframework.amqp.AmqpRejectAndDontRequeueException: Error Handler converted exception to fatal
	at org.springframework.amqp.rabbit.listener.ConditionalRejectingErrorHandler.handleError(ConditionalRejectingErrorHandler.java:147) ~[spring-rabbit-2.4.12.jar:2.4.12]
	at org.springframework.amqp.rabbit.listener.AbstractMessageListenerContainer.invokeErrorHandler(AbstractMessageListenerContainer.java:1478) ~[spring-rabbit-2.4.12.jar:2.4.12]
	at org.springframework.amqp.rabbit.listener.AbstractMessageListenerContainer.handleListenerException(AbstractMessageListenerContainer.java:1762) ~[spring-rabbit-2.4.12.jar:2.4.12]
	at org.springframework.amqp.rabbit.listener.AbstractMessageListenerContainer.executeListener(AbstractMessageListenerContainer.java:1537) ~[spring-rabbit-2.4.12.jar:2.4.12]
	at org.springframework.amqp.rabbit.listener.SimpleMessageListenerContainer.doReceiveAndExecute(SimpleMessageListenerContainer.java:1001) ~[spring-rabbit-2.4.12.jar:2.4.12]
	at org.springframework.amqp.rabbit.listener.SimpleMessageListenerContainer.receiveAndExecute(SimpleMessageListenerContainer.java:948) ~[spring-rabbit-2.4.12.jar:2.4.12]
	at org.springframework.amqp.rabbit.listener.SimpleMessageListenerContainer.access$1600(SimpleMessageListenerContainer.java:86) ~[spring-rabbit-2.4.12.jar:2.4.12]
	at org.springframework.amqp.rabbit.listener.SimpleMessageListenerContainer$AsyncMessageProcessingConsumer.mainLoop(SimpleMessageListenerContainer.java:1326) ~[spring-rabbit-2.4.12.jar:2.4.12]
	at org.springframework.amqp.rabbit.listener.SimpleMessageListenerContainer$AsyncMessageProcessingConsumer.run(SimpleMessageListenerContainer.java:1232) ~[spring-rabbit-2.4.12.jar:2.4.12]
	at java.base/java.lang.Thread.run(Thread.java:834) ~[na:na]
Caused by: org.springframework.amqp.rabbit.support.ListenerExecutionFailedException: Failed to convert message
	at org.springframework.amqp.rabbit.listener.adapter.MessagingMessageListenerAdapter.onMessage(MessagingMessageListenerAdapter.java:157) ~[spring-rabbit-2.4.12.jar:2.4.12]
	at org.springframework.amqp.rabbit.listener.AbstractMessageListenerContainer.doInvokeListener(AbstractMessageListenerContainer.java:1674) ~[spring-rabbit-2.4.12.jar:2.4.12]
	at org.springframework.amqp.rabbit.listener.AbstractMessageListenerContainer.actualInvokeListener(AbstractMessageListenerContainer.java:1593) ~[spring-rabbit-2.4.12.jar:2.4.12]
	at org.springframework.amqp.rabbit.listener.AbstractMessageListenerContainer.invokeListener(AbstractMessageListenerContainer.java:1581) ~[spring-rabbit-2.4.12.jar:2.4.12]
	at org.springframework.amqp.rabbit.listener.AbstractMessageListenerContainer.doExecuteListener(AbstractMessageListenerContainer.java:1572) ~[spring-rabbit-2.4.12.jar:2.4.12]
	at org.springframework.amqp.rabbit.listener.AbstractMessageListenerContainer.executeListener(AbstractMessageListenerContainer.java:1516) ~[spring-rabbit-2.4.12.jar:2.4.12]
	... 6 common frames omitted
Caused by: org.springframework.amqp.support.converter.MessageConversionException: Failed to convert Message content
	at org.springframework.amqp.support.converter.AbstractJackson2MessageConverter.doFromMessage(AbstractJackson2MessageConverter.java:367) ~[spring-amqp-2.4.12.jar:2.4.12]
	at org.springframework.amqp.support.converter.AbstractJackson2MessageConverter.fromMessage(AbstractJackson2MessageConverter.java:321) ~[spring-amqp-2.4.12.jar:2.4.12]
	at org.springframework.amqp.support.converter.AbstractJackson2MessageConverter.fromMessage(AbstractJackson2MessageConverter.java:304) ~[spring-amqp-2.4.12.jar:2.4.12]
	at org.springframework.amqp.rabbit.listener.adapter.AbstractAdaptableMessageListener.extractMessage(AbstractAdaptableMessageListener.java:343) ~[spring-rabbit-2.4.12.jar:2.4.12]
	at org.springframework.amqp.rabbit.listener.adapter.MessagingMessageListenerAdapter$MessagingMessageConverterAdapter.extractPayload(MessagingMessageListenerAdapter.java:367) ~[spring-rabbit-2.4.12.jar:2.4.12]
	at org.springframework.amqp.support.converter.MessagingMessageConverter.fromMessage(MessagingMessageConverter.java:132) ~[spring-amqp-2.4.12.jar:2.4.12]
	at org.springframework.amqp.rabbit.listener.adapter.MessagingMessageListenerAdapter.toMessagingMessage(MessagingMessageListenerAdapter.java:244) ~[spring-rabbit-2.4.12.jar:2.4.12]
	at org.springframework.amqp.rabbit.listener.adapter.MessagingMessageListenerAdapter.onMessage(MessagingMessageListenerAdapter.java:147) ~[spring-rabbit-2.4.12.jar:2.4.12]
	... 11 common frames omitted
Caused by: com.fasterxml.jackson.databind.exc.MismatchedInputException: Cannot deserialize value of type `java.lang.Long` from Object value (token `JsonToken.START_OBJECT`)
 at [Source: (String)"{"id":317578,"name":null,"price":null,"stock":null,"image":null,"category":null,"brand":null,"spec":null,"sold":null,"commentCount":null,"isAD":null,"status":1,"createTime":null,"updateTime":null,"creater":null,"updater":null}"; line: 1, column: 1]
	at com.fasterxml.jackson.databind.exc.MismatchedInputException.from(MismatchedInputException.java:59) ~[jackson-databind-2.13.5.jar:2.13.5]
	at com.fasterxml.jackson.databind.DeserializationContext.reportInputMismatch(DeserializationContext.java:1741) ~[jackson-databind-2.13.5.jar:2.13.5]
	at com.fasterxml.jackson.databind.DeserializationContext.handleUnexpectedToken(DeserializationContext.java:1515) ~[jackson-databind-2.13.5.jar:2.13.5]
	at com.fasterxml.jackson.databind.DeserializationContext.handleUnexpectedToken(DeserializationContext.java:1420) ~[jackson-databind-2.13.5.jar:2.13.5]
	at com.fasterxml.jackson.databind.DeserializationContext.extractScalarFromObject(DeserializationContext.java:932) ~[jackson-databind-2.13.5.jar:2.13.5]
	at com.fasterxml.jackson.databind.deser.std.StdDeserializer._parseLong(StdDeserializer.java:949) ~[jackson-databind-2.13.5.jar:2.13.5]
	at com.fasterxml.jackson.databind.deser.std.NumberDeserializers$LongDeserializer.deserialize(NumberDeserializers.java:575) ~[jackson-databind-2.13.5.jar:2.13.5]
	at com.fasterxml.jackson.databind.deser.std.NumberDeserializers$LongDeserializer.deserialize(NumberDeserializers.java:550) ~[jackson-databind-2.13.5.jar:2.13.5]
	at com.fasterxml.jackson.databind.deser.DefaultDeserializationContext.readRootValue(DefaultDeserializationContext.java:323) ~[jackson-databind-2.13.5.jar:2.13.5]
	at com.fasterxml.jackson.databind.ObjectMapper._readMapAndClose(ObjectMapper.java:4674) ~[jackson-databind-2.13.5.jar:2.13.5]
	at com.fasterxml.jackson.databind.ObjectMapper.readValue(ObjectMapper.java:3629) ~[jackson-databind-2.13.5.jar:2.13.5]
	at org.springframework.amqp.support.converter.AbstractJackson2MessageConverter.convertBytesToObject(AbstractJackson2MessageConverter.java:428) ~[spring-amqp-2.4.12.jar:2.4.12]
	at org.springframework.amqp.support.converter.AbstractJackson2MessageConverter.convertContent(AbstractJackson2MessageConverter.java:395) ~[spring-amqp-2.4.12.jar:2.4.12]
	at org.springframework.amqp.support.converter.AbstractJackson2MessageConverter.doFromMessage(AbstractJackson2MessageConverter.java:364) ~[spring-amqp-2.4.12.jar:2.4.12]
	... 18 common frames omitted

16:24:50:771  WARN 11964 --- [Thread-1] c.a.n.common.http.HttpClientBeanHolder   : [HttpClientBeanHolder] Start destroying common HttpClient
16:24:50:771  WARN 11964 --- [Thread-5] c.a.nacos.common.notify.NotifyCenter     : [NotifyCenter] Start destroying Publisher
16:24:50:772  WARN 11964 --- [Thread-5] c.a.nacos.common.notify.NotifyCenter     : [NotifyCenter] Destruction of the end
16:24:50:772  WARN 11964 --- [Thread-1] c.a.n.common.http.HttpClientBeanHolder   : [HttpClientBeanHolder] Destruction of the end
16:24:50:798  INFO 11964 --- [org.springframework.amqp.rabbit.RabbitListenerEndpointContainer#0-2] o.s.a.r.l.SimpleMessageListenerContainer : Waiting for workers to finish.
16:24:50:801  INFO 11964 --- [org.springframework.amqp.rabbit.RabbitListenerEndpointContainer#1-2] o.s.a.r.l.SimpleMessageListenerContainer : Waiting for workers to finish.
16:24:50:802  INFO 11964 --- [org.springframework.amqp.rabbit.RabbitListenerEndpointContainer#2-2] o.s.a.r.l.SimpleMessageListenerContainer : Waiting for workers to finish.
16:24:50:805  INFO 11964 --- [org.springframework.amqp.rabbit.RabbitListenerEndpointContainer#3-2] o.s.a.r.l.SimpleMessageListenerContainer : Waiting for workers to finish.
16:24:51:383  INFO 11964 --- [org.springframework.amqp.rabbit.RabbitListenerEndpointContainer#2-2] o.s.a.r.l.SimpleMessageListenerContainer : Successfully waited for workers to finish.
16:24:51:383  INFO 11964 --- [org.springframework.amqp.rabbit.RabbitListenerEndpointContainer#1-2] o.s.a.r.l.SimpleMessageListenerContainer : Successfully waited for workers to finish.
16:24:52:674  INFO 11964 --- [org.springframework.amqp.rabbit.RabbitListenerEndpointContainer#0-2] o.s.a.r.l.SimpleMessageListenerContainer : Successfully waited for workers to finish.
16:24:52:674  INFO 11964 --- [org.springframework.amqp.rabbit.RabbitListenerEndpointContainer#3-2] o.s.a.r.l.SimpleMessageListenerContainer : Successfully waited for workers to finish.
16:24:53:498  INFO 11964 --- [SpringContextShutdownHook] o.s.a.r.l.SimpleMessageListenerContainer : Shutdown ignored - container is already stopped
16:24:53:498  INFO 11964 --- [SpringContextShutdownHook] o.s.a.r.l.SimpleMessageListenerContainer : Shutdown ignored - container is already stopped
16:24:53:498  INFO 11964 --- [SpringContextShutdownHook] o.s.a.r.l.SimpleMessageListenerContainer : Shutdown ignored - container is already stopped
16:24:53:498  INFO 11964 --- [SpringContextShutdownHook] o.s.a.r.l.SimpleMessageListenerContainer : Shutdown ignored - container is already stopped
16:24:53:498  INFO 11964 --- [SpringContextShutdownHook] c.a.c.n.registry.NacosServiceRegistry    : De-registering from Nacos Server now...
16:24:53:676  INFO 11964 --- [SpringContextShutdownHook] c.a.c.n.registry.NacosServiceRegistry    : De-registration finished.
16:24:54:000  INFO 11964 --- [SpringContextShutdownHook] com.alibaba.nacos.common.remote.client   : Shutdown rpc client, set status to shutdown
16:24:54:000  INFO 11964 --- [SpringContextShutdownHook] com.alibaba.nacos.common.remote.client   : Shutdown client event executor java.util.concurrent.ScheduledThreadPoolExecutor@53274dbb[Running, pool size = 2, active threads = 2, queued tasks = 0, completed tasks = 0]
16:24:54:001  INFO 11964 --- [SpringContextShutdownHook] com.alibaba.nacos.common.remote.client   : Close current connection 1732349975141_192.168.40.1_52137
16:24:54:001  INFO 11964 --- [SpringContextShutdownHook] c.a.n.c.remote.client.grpc.GrpcClient    : Shutdown grpc executor java.util.concurrent.ThreadPoolExecutor@5c919c8b[Running, pool size = 6, active threads = 0, queued tasks = 0, completed tasks = 128]
16:24:54:485  INFO 11964 --- [SpringContextShutdownHook] com.zaxxer.hikari.HikariDataSource       : HikariPool-1 - Shutdown initiated...
16:24:54:497  INFO 11964 --- [SpringContextShutdownHook] com.zaxxer.hikari.HikariDataSource       : HikariPool-1 - Shutdown completed.
16:24:54:507  INFO 11964 --- [NettyClientSelector_RMROLE_1_1] i.s.c.r.n.AbstractNettyRemotingClient    : channel inactive: [id: 0x0236f32f, L:/192.168.40.1:51442 ! R:/192.168.40.136:8099]
16:24:54:507  INFO 11964 --- [NettyClientSelector_RMROLE_1_1] i.s.c.r.netty.NettyClientChannelManager  : return to pool, rm channel:[id: 0x0236f32f, L:/192.168.40.1:51442 ! R:/192.168.40.136:8099]
16:24:54:508  INFO 11964 --- [NettyClientSelector_RMROLE_1_1] i.s.core.rpc.netty.NettyPoolableFactory  : channel valid false,channel:[id: 0x0236f32f, L:/192.168.40.1:51442 ! R:/192.168.40.136:8099]
16:24:54:508  INFO 11964 --- [NettyClientSelector_RMROLE_1_1] i.s.core.rpc.netty.NettyPoolableFactory  : will destroy channel:[id: 0x0236f32f, L:/192.168.40.1:51442 ! R:/192.168.40.136:8099]
16:24:54:508  INFO 11964 --- [NettyClientSelector_RMROLE_1_1] i.s.c.r.n.AbstractNettyRemotingClient    : ChannelHandlerContext(AbstractNettyRemotingClient$ClientHandler#0, [id: 0x0236f32f, L:/192.168.40.1:51442 ! R:/192.168.40.136:8099]) will closed
16:24:54:508  INFO 11964 --- [NettyClientSelector_RMROLE_1_1] i.s.c.r.n.AbstractNettyRemotingClient    : ChannelHandlerContext(AbstractNettyRemotingClient$ClientHandler#0, [id: 0x0236f32f, L:/192.168.40.1:51442 ! R:/192.168.40.136:8099]) will closed
